<?xml version="1.0" encoding="UTF-8"?>
<!-- Generated by org.testng.reporters.JUnitReportReporter -->
<testsuite hostname="DESKTOP-0GA3A2T" name="cucumberOptions.TestRunner" tests="1" failures="0" timestamp="3 Jun 2021 08:47:45 GMT" time="21.450" errors="0">
  <testcase name="feature" time="21.450" classname="cucumberOptions.TestRunner"/>
</testsuite> <!-- cucumberOptions.TestRunner -->
