<?xml version="1.0" encoding="UTF-8"?>
<!-- Generated by org.testng.reporters.JUnitReportReporter -->
<testsuite hostname="DESKTOP-0GA3A2T" name="Last.Straw.AppTest" tests="1" failures="0" timestamp="3 Jun 2021 08:47:45 GMT" time="0.001" errors="0">
  <testcase name="shouldAnswerWithTrue" time="0.001" classname="Last.Straw.AppTest"/>
</testsuite> <!-- Last.Straw.AppTest -->
